yarn run v1.22.10
$ cd Server && yarn dev
$ nodemon --exec ts-node ./src/index.ts
[33m[nodemon] 2.0.7[39m
[33m[nodemon] to restart at any time, enter `rs`[39m
[33m[nodemon] watching path(s): *.*[39m
[33m[nodemon] watching extensions: ts,json[39m
[32m[nodemon] starting `ts-node ./src/index.ts`[39m
Executing (default): SELECT 1+1 AS result
Executing (default): CREATE TABLE IF NOT EXISTS `Users` (`name` VARCHAR(255) NOT NULL, `id` UUIDV4 NOT NULL PRIMARY KEY, `username` VARCHAR(255) NOT NULL, `email` VARCHAR(255) NOT NULL UNIQUE, `password` VARCHAR(255) NOT NULL, `createdAt` DATETIME NOT NULL, `updatedAt` DATETIME NOT NULL);
Executing (default): PRAGMA INDEX_LIST(`Users`)
Executing (default): PRAGMA INDEX_INFO(`sqlite_autoindex_Users_1`)
Executing (default): PRAGMA INDEX_INFO(`sqlite_autoindex_Users_2`)
Executing (default): CREATE TABLE IF NOT EXISTS `Addresses` (`id` UUIDV4 NOT NULL PRIMARY KEY, `city` VARCHAR(30) NOT NULL, `address` VARCHAR(30) NOT NULL, `country` VARCHAR(30) NOT NULL, `zipCode` VARCHAR(30) NOT NULL, `createdAt` DATETIME NOT NULL, `updatedAt` DATETIME NOT NULL);
Executing (default): PRAGMA INDEX_LIST(`Addresses`)
Executing (default): PRAGMA INDEX_INFO(`sqlite_autoindex_Addresses_1`)
Executing (default): CREATE TABLE IF NOT EXISTS `CategoryImages` (`id` UUIDV4 NOT NULL PRIMARY KEY, `filename` VARCHAR(255) NOT NULL, `filepath` VARCHAR(255) NOT NULL, `originalName` VARCHAR(255) NOT NULL, `fileSize` VARCHAR(255) NOT NULL, `createdAt` DATETIME NOT NULL, `updatedAt` DATETIME NOT NULL);
Executing (default): PRAGMA INDEX_LIST(`CategoryImages`)
Executing (default): PRAGMA INDEX_INFO(`sqlite_autoindex_CategoryImages_1`)
Executing (default): CREATE TABLE IF NOT EXISTS `Categories` (`id` UUIDV4 NOT NULL PRIMARY KEY, `name` VARCHAR(50) NOT NULL, `slug` VARCHAR(50) NOT NULL, `description` TEXT, `createdAt` DATETIME NOT NULL, `updatedAt` DATETIME NOT NULL);
Executing (default): PRAGMA INDEX_LIST(`Categories`)
Executing (default): PRAGMA INDEX_INFO(`sqlite_autoindex_Categories_1`)
Executing (default): CREATE TABLE IF NOT EXISTS `Comments` (`id` UUIDV4 NOT NULL PRIMARY KEY, `content` VARCHAR(255) NOT NULL, `rating` INTEGER NOT NULL DEFAULT 1, `createdAt` DATETIME NOT NULL, `updatedAt` DATETIME NOT NULL);
Executing (default): PRAGMA INDEX_LIST(`Comments`)
Executing (default): PRAGMA INDEX_INFO(`sqlite_autoindex_Comments_1`)
Executing (default): CREATE TABLE IF NOT EXISTS `OrderItems` (`id` UUIDV4 PRIMARY KEY, `name` VARCHAR(60) NOT NULL, `slug` VARCHAR(60) NOT NULL, `price` DECIMAL(10,2) NOT NULL, `quantity` INTEGER NOT NULL, `createdAt` DATETIME NOT NULL, `updatedAt` DATETIME NOT NULL);
Executing (default): PRAGMA INDEX_LIST(`OrderItems`)
Executing (default): PRAGMA INDEX_INFO(`sqlite_autoindex_OrderItems_1`)
Executing (default): CREATE TABLE IF NOT EXISTS `Orders` (`id` UUIDV4 NOT NULL PRIMARY KEY, `trackingId` VARCHAR(255) NOT NULL, `orderStatus` VARCHAR(255), `createdAt` DATETIME NOT NULL, `updatedAt` DATETIME NOT NULL);
Executing (default): PRAGMA INDEX_LIST(`Orders`)
Executing (default): PRAGMA INDEX_INFO(`sqlite_autoindex_Orders_1`)
Executing (default): PRAGMA INDEX_INFO(`orders_tracking_id`)
Executing (default): CREATE TABLE IF NOT EXISTS `ProductCategories` (`id` INTEGER PRIMARY KEY AUTOINCREMENT, `createdAt` DATETIME NOT NULL, `updatedAt` DATETIME NOT NULL);
Executing (default): PRAGMA INDEX_LIST(`ProductCategories`)
Executing (default): CREATE TABLE IF NOT EXISTS `Products` (`id` UUIDV4 PRIMARY KEY, `name` VARCHAR(50) NOT NULL, `slug` VARCHAR(50) NOT NULL, `description` TEXT NOT NULL, `price` DECIMAL(10,2) NOT NULL, `inStock` INTEGER NOT NULL, `createdAt` DATETIME NOT NULL, `updatedAt` DATETIME NOT NULL);
Executing (default): PRAGMA INDEX_LIST(`Products`)
Executing (default): PRAGMA INDEX_INFO(`sqlite_autoindex_Products_1`)
Executing (default): PRAGMA INDEX_INFO(`products_slug`)
Executing (default): CREATE TABLE IF NOT EXISTS `ProductTags` (`id` INTEGER PRIMARY KEY AUTOINCREMENT, `createdAt` DATETIME NOT NULL, `updatedAt` DATETIME NOT NULL);
Executing (default): PRAGMA INDEX_LIST(`ProductTags`)
Executing (default): CREATE TABLE IF NOT EXISTS `Tags` (`id` INTEGER PRIMARY KEY AUTOINCREMENT, `name` VARCHAR(255), `slug` VARCHAR(255) NOT NULL, `desctiption` TEXT, `createdAt` DATETIME NOT NULL, `updatedAt` DATETIME NOT NULL);
Executing (default): PRAGMA INDEX_LIST(`Tags`)
Executing (default): CREATE TABLE IF NOT EXISTS `User` (`name` VARCHAR(255) NOT NULL, `id` UUIDV4 NOT NULL PRIMARY KEY, `username` VARCHAR(255) NOT NULL, `email` VARCHAR(255) NOT NULL UNIQUE, `password` VARCHAR(255) NOT NULL, `createdAt` DATETIME NOT NULL, `updatedAt` DATETIME NOT NULL);
Executing (default): PRAGMA INDEX_LIST(`User`)
Executing (default): PRAGMA INDEX_INFO(`sqlite_autoindex_User_1`)
Executing (default): PRAGMA INDEX_INFO(`sqlite_autoindex_User_2`)
## database succesfully connected!!
server already started on http://localhost:5000
Terminate batch job (Y/N)? 
